sdk/DianJinNoRewardSDK_Android_20140303_2.01/demo/DianJinWebNoReward/proguard/seeds.txt
com.example.dianjinwebnoreward.MainActivity
com.example.dianjinwebnoreward.MainActivity: MainActivity()
com.example.dianjinwebnoreward.R$dimen: int activity_horizontal_margin
com.example.dianjinwebnoreward.R$dimen: int activity_vertical_margin
com.example.dianjinwebnoreward.R$drawable: int bg
com.example.dianjinwebnoreward.R$drawable: int blue
com.example.dianjinwebnoreward.R$drawable: int blue_color
com.example.dianjinwebnoreward.R$drawable: int blue_selected_color
com.example.dianjinwebnoreward.R$drawable: int dianjin_logo
com.example.dianjinwebnoreward.R$drawable: int orange
com.example.dianjinwebnoreward.R$drawable: int orange_color
com.example.dianjinwebnoreward.R$drawable: int orange_selector_color
com.example.dianjinwebnoreward.R$id: int action_settings
com.example.dianjinwebnoreward.R$id: int btn_hide_float
com.example.dianjinwebnoreward.R$id: int btn_show_banner
com.example.dianjinwebnoreward.R$id: int btn_show_float
com.example.dianjinwebnoreward.R$id: int btn_web
com.example.dianjinwebnoreward.R$id: int channel_shielded
com.example.dianjinwebnoreward.R$id: int dianJinBaaner1
com.example.dianjinwebnoreward.R$id: int dianJinMiniBanner1
com.example.dianjinwebnoreward.R$id: int main
com.example.dianjinwebnoreward.R$layout: int activity_main
com.example.dianjinwebnoreward.R$menu: int main
com.example.dianjinwebnoreward.R$string: int action_settings
com.example.dianjinwebnoreward.R$string: int app_name
com.example.dianjinwebnoreward.R$string: int hello_world
com.example.dianjinwebnoreward.R$style: int AppBaseTheme
com.example.dianjinwebnoreward.R$style: int AppTheme
...
com.bodong.dianjinweb.a.ew
com.bodong.dianjinweb.a.ew: java.lang.String a
com.bodong.dianjinweb.a.ew: com.bodong.dianjinweb.a.ew b
com.bodong.dianjinweb.a.ew: int c
com.bodong.dianjinweb.a.ew: int d
com.bodong.dianjinweb.a.ew: java.util.LinkedList e
com.bodong.dianjinweb.a.ew: int f
com.bodong.dianjinweb.a.ew: com.bodong.dianjinweb.a.ew$a g
com.bodong.dianjinweb.a.ew: java.util.LinkedList h
com.bodong.dianjinweb.a.ew: ew()
com.bodong.dianjinweb.a.ew: com.bodong.dianjinweb.a.ew a()
com.bodong.dianjinweb.a.ew: com.bodong.dianjinweb.a.ew$b a(java.lang.String)
com.bodong.dianjinweb.a.ew: void b(java.lang.String)
com.bodong.dianjinweb.a.ew: com.bodong.dianjinweb.a.ev a(java.lang.String,com.bodong.dianjinweb.a.et,com.bodong.dianjinweb.a.eu,java.lang.Object[])
com.bodong.dianjinweb.a.ew: com.bodong.dianjinweb.a.ev b()
com.bodong.dianjinweb.a.ew: void a(com.bodong.dianjinweb.a.ev,int)
com.bodong.dianjinweb.a.ew: boolean a(com.bodong.dianjinweb.a.ev)
com.bodong.dianjinweb.a.ew: void a(com.bodong.dianjinweb.a.ew,com.bodong.dianjinweb.a.ev,int)
com.bodong.dianjinweb.a.ew$b
com.bodong.dianjinweb.a.ew$b: com.bodong.dianjinweb.a.et a
com.bodong.dianjinweb.a.ew$b: java.lang.Object[] b
com.bodong.dianjinweb.a.ew$b: java.lang.String c
com.bodong.dianjinweb.a.ew$b: com.bodong.dianjinweb.a.eu d
com.bodong.dianjinweb.a.ew$b: com.bodong.dianjinweb.a.ew e
com.bodong.dianjinweb.a.ew$b: ew$b(com.bodong.dianjinweb.a.ew)
com.bodong.dianjinweb.a.ex
com.bodong.dianjinweb.a.ex: int a
com.bodong.dianjinweb.a.ex: ex()
com.bodong.dianjinweb.a.ex: com.bodong.dianjinweb.a.ex a(int)
com.bodong.dianjinweb.a.ex: org.apache.http.params.HttpParams createHttpParams()
com.bodong.dianjinweb.a.ex: org.apache.http.conn.ClientConnectionManager createClientConnectionManager()
com.bodong.dianjinweb.a.ex: void a()
com.bodong.dianjinweb.a.ey
com.bodong.dianjinweb.a.ey: com.bodong.dianjinweb.a.ey a
com.bodong.dianjinweb.a.ey: java.lang.Class b
com.bodong.dianjinweb.a.ey: java.lang.String c
com.bodong.dianjinweb.a.ey: int d
com.bodong.dianjinweb.a.ey: int e
com.bodong.dianjinweb.a.ey: ey()
com.bodong.dianjinweb.a.ey: com.bodong.dianjinweb.a.ey a()
com.bodong.dianjinweb.a.ey: com.bodong.dianjinweb.a.fa a(android.content.Context,java.lang.String,com.bodong.dianjinweb.a.ez,java.lang.Class)
com.bodong.dianjinweb.a.ey: com.bodong.dianjinweb.a.fa a(android.content.Context,java.lang.String,com.bodong.dianjinweb.a.ez,java.lang.String,java.lang.Class)
com.bodong.dianjinweb.a.ey: com.bodong.dianjinweb.a.fa a(java.lang.String,com.bodong.dianjinweb.a.ez,java.lang.String,com.bodong.dianjinweb.a.fb,java.lang.Class)
com.bodong.dianjinweb.a.ey: android.net.NetworkInfo a(android.content.Context)
com.bodong.dianjinweb.a.ez
com.bodong.dianjinweb.a.ez: java.util.List a
com.bodong.dianjinweb.a.ez: org.apache.http.HttpEntity b
com.bodong.dianjinweb.a.ez: ez()
com.bodong.dianjinweb.a.ez: java.util.List a()
com.bodong.dianjinweb.a.ez: void a(org.apache.http.HttpEntity)
com.bodong.dianjinweb.a.ez: org.apache.http.HttpEntity b()
com.bodong.dianjinweb.a.f
com.bodong.dianjinweb.a.f: android.database.sqlite.SQLiteDatabase a
com.bodong.dianjinweb.a.f: int b
com.bodong.dianjinweb.a.f: void a(android.content.Context)
com.bodong.dianjinweb.a.f: void c()
com.bodong.dianjinweb.a.f: void a()
com.bodong.dianjinweb.a.f: long a(java.lang.String,long,long,int)
com.bodong.dianjinweb.a.f: void a(java.lang.String)
com.bodong.dianjinweb.a.f: void a(java.lang.String,int)
com.bodong.dianjinweb.a.f: void b(java.lang.String)
com.bodong.dianjinweb.a.f: java.util.List b()
com.bodong.dianjinweb.a.fa
com.bodong.dianjinweb.a.fa: int a
com.bodong.dianjinweb.a.fa: java.util.List b
com.bodong.dianjinweb.a.fa: byte[] c
com.bodong.dianjinweb.a.fa: fa()
com.bodong.dianjinweb.a.fa: void a()
com.bodong.dianjinweb.a.fa: void a(java.lang.String,java.lang.String)
com.bodong.dianjinweb.a.fa: void a(byte[])
com.bodong.dianjinweb.a.fa: byte[] b()
com.bodong.dianjinweb.a.fa: void a(int)