sdk/DianJinNoRewardSDK_Android_20140303_2.01/demo/DianJinWebNoReward/proguard/mapping.txt
com.example.dianjinwebnoreward.MainActivity -> com.example.dianjinwebnoreward.MainActivity:
    android.widget.TextView mChannelTextView -> a
    void onCreate(android.os.Bundle) -> onCreate
    boolean onKeyDown(int,android.view.KeyEvent) -> onKeyDown
    void initView() -> a
    android.widget.TextView access$0(com.example.dianjinwebnoreward.MainActivity) -> a
com.example.dianjinwebnoreward.MainActivity$1 -> com.example.dianjinwebnoreward.a:
    com.example.dianjinwebnoreward.MainActivity this$0 -> a
    void onSuccess(boolean) -> onSuccess
    void onError(int,java.lang.String) -> onError
com.example.dianjinwebnoreward.MainActivity$2 -> com.example.dianjinwebnoreward.b:
    com.example.dianjinwebnoreward.MainActivity this$0 -> a
    void onClick(android.content.DialogInterface,int) -> onClick
com.example.dianjinwebnoreward.MainActivity$3 -> com.example.dianjinwebnoreward.c:
    com.example.dianjinwebnoreward.MainActivity this$0 -> a
    void onClick(android.content.DialogInterface,int) -> onClick
com.example.dianjinwebnoreward.MainActivity$4 -> com.example.dianjinwebnoreward.d:
    com.example.dianjinwebnoreward.MainActivity this$0 -> a
    void onClick(android.view.View) -> onClick
com.example.dianjinwebnoreward.MainActivity$5 -> com.example.dianjinwebnoreward.e:
    com.example.dianjinwebnoreward.MainActivity this$0 -> a
    void onClick(android.view.View) -> onClick
com.example.dianjinwebnoreward.MainActivity$6 -> com.example.dianjinwebnoreward.f:
    com.example.dianjinwebnoreward.MainActivity this$0 -> a
    void onClick(android.view.View) -> onClick
com.example.dianjinwebnoreward.MainActivity$7 -> com.example.dianjinwebnoreward.g:
    com.example.dianjinwebnoreward.MainActivity this$0 -> a
    com.bodong.dianjinweb.banner.DianJinBanner val$banner -> b
    void onClick(android.view.View) -> onClick
...
com.bodong.dianjinweb.a.ee$a -> com.bodong.dianjinweb.a.fk:
    long a -> a
    boolean b -> b
    com.bodong.dianjinweb.a.ee c -> c
com.bodong.dianjinweb.a.ee$b -> com.bodong.dianjinweb.a.fl:
    int b -> b
    int c -> c
    int d -> d
    int e -> e
    int f -> f
    int g -> g
    com.bodong.dianjinweb.a.ee a -> a
    java.lang.Object a(java.lang.Object[]) -> a
    void a(org.apache.http.impl.client.DefaultHttpClient,java.io.InputStream,com.bodong.dianjinweb.a.ee$c) -> a
    void c(java.lang.Object[]) -> c
    void d(java.lang.Object[]) -> d
    void e(java.lang.String) -> e
    void f(java.lang.String) -> f
    void b(java.lang.String,java.lang.Object[]) -> b
    void c(java.lang.String,java.lang.Object[]) -> c
    com.bodong.dianjinweb.a.ee$a a(java.io.InputStream,com.bodong.dianjinweb.a.ee$c,long,android.content.Context,java.lang.String) -> a
    boolean a(android.content.Context,java.lang.String,long,long,long,long) -> a
    long e() -> e
    long f() -> f
    org.apache.http.impl.client.DefaultHttpClient g() -> g
com.bodong.dianjinweb.a.ee$c -> com.bodong.dianjinweb.a.fm:
    java.io.File b -> b
    com.bodong.dianjinweb.a.ee a -> a
    void write(byte[],int,int) -> write
    boolean a() -> a
    java.io.File b() -> b
com.bodong.dianjinweb.a.ef -> com.bodong.dianjinweb.a.ef:
    void a(android.content.Context,java.lang.String) -> a
    void a(android.content.Context,java.lang.String,java.lang.String) -> a
    void b(android.content.Context,java.lang.String,java.lang.String) -> b
    void d(android.content.Context,java.lang.String,java.lang.String) -> d
    void a(android.content.Context,java.lang.String,int) -> a
    void a(java.lang.String,boolean) -> a
    void a(java.lang.String) -> a
    void a() -> a
    void a(android.content.Context,java.lang.String,long,java.lang.String) -> a
    void c(android.content.Context,java.lang.String,java.lang.String) -> c
    void a(android.content.Context,java.lang.String,android.app.Notification) -> a
    void a(android.content.Context,java.lang.String,java.lang.String,android.app.Notification) -> a
    void a(android.content.Context,java.lang.String,int,java.lang.String) -> a
    void a(android.content.Context,java.lang.String,java.lang.String,float,long,long,float,long) -> a
    void a(android.content.Context,java.lang.String,java.lang.String,java.lang.String) -> a
com.bodong.dianjinweb.a.eg -> com.bodong.dianjinweb.a.eg:
    android.graphics.Bitmap a(byte[],boolean,int,int) -> a
    int a(android.graphics.BitmapFactory$Options,int,int) -> a
    int b(android.graphics.BitmapFactory$Options,int,int) -> b
com.bodong.dianjinweb.a.eh -> com.bodong.dianjinweb.a.eh:
    int a -> a
    int b -> b
    javax.net.ssl.HostnameVerifier c -> c
    android.graphics.Bitmap a(java.lang.String,int,int) -> a
    android.graphics.Bitmap a(java.lang.String,int,int,int) -> a
    byte[] a(java.lang.String) -> a
    byte[] a(java.io.InputStream) -> a
    void a() -> a
    boolean b() -> b
com.bodong.dianjinweb.a.eh$a -> com.bodong.dianjinweb.a.fn:
    long skip(long) -> skip
com.bodong.dianjinweb.a.ei -> com.bodong.dianjinweb.a.fo:
    boolean verify(java.lang.String,javax.net.ssl.SSLSession) -> verify