sdk/DianJinNoRewardSDK_Android_20140303_2.01/demo/DianJinWebNoReward/proguard/usage.txt
com.example.dianjinwebnoreward.BuildConfig
com.example.dianjinwebnoreward.R
com.example.dianjinwebnoreward.R$attr
com.example.dianjinwebnoreward.R$dimen
com.example.dianjinwebnoreward.R$drawable
com.example.dianjinwebnoreward.R$id
com.example.dianjinwebnoreward.R$layout
com.example.dianjinwebnoreward.R$menu
com.example.dianjinwebnoreward.R$string
com.example.dianjinwebnoreward.R$style